2023-08-07 12:22:27,585 INFO __main__ <module> 46 | This is a test
2023-08-07 12:22:28,586 INFO __main__ <module> 48 | Still first file
2023-08-07 12:22:29,587 INFO __main__ <module> 50 | Still first file
2023-08-07 12:22:30,589 INFO __main__ <module> 52 | Still first file
2023-08-07 12:22:31,590 INFO __main__ <module> 54 | Still first file
2023-08-07 12:22:32,591 INFO __main__ <module> 56 | Still first file
2023-08-07 12:22:35,594 INFO __main__ <module> 58 | Second file
2023-08-07 12:22:36,595 INFO __main__ <module> 61 | At some point we should switch again
2023-08-07 12:22:37,597 INFO __main__ <module> 61 | At some point we should switch again
2023-08-07 12:22:38,598 INFO __main__ <module> 61 | At some point we should switch again
2023-08-07 12:22:39,600 INFO __main__ <module> 61 | At some point we should switch again
2023-08-07 12:22:40,601 INFO __main__ <module> 61 | At some point we should switch again
2023-08-07 12:22:41,601 INFO __main__ <module> 61 | At some point we should switch again
2023-08-07 12:22:42,603 INFO __main__ <module> 61 | At some point we should switch again
2023-08-07 12:22:43,605 INFO __main__ <module> 61 | At some point we should switch again
2023-08-07 12:22:44,605 INFO __main__ <module> 61 | At some point we should switch again
2023-08-07 12:22:45,607 INFO __main__ <module> 61 | At some point we should switch again
2023-08-07 12:22:46,608 INFO __main__ <module> 61 | At some point we should switch again
2023-08-07 12:22:47,609 INFO __main__ <module> 61 | At some point we should switch again
2023-08-07 12:22:48,611 INFO __main__ <module> 61 | At some point we should switch again
2023-08-07 12:22:49,612 INFO __main__ <module> 61 | At some point we should switch again
2023-08-07 12:22:50,614 INFO __main__ <module> 61 | At some point we should switch again
2023-08-07 12:22:50,614 INFO __main__ <module> 62 | The log file should now close after 2 seconds
